# JRE version: Java(TM) SE Runtime Environment (14.0.1+7) (build 14.0.1+7)
# Java VM: Java HotSpot(TM) 64-Bit Server VM (14.0.1+7, mixed mode, sharing, tiered, compressed oops, g1 gc, windows-amd64)
Heap:
 garbage-first heap   total 73728K, used 36744K [0x0000000083600000, 0x0000000100000000)
  region size 1024K, 14 young (14336K), 3 survivors (3072K)
 Metaspace       used 37693K, capacity 39067K, committed 39324K, reserved 1083392K
  class space    used 5100K, capacity 5612K, committed 5632K, reserved 1048576K
GC Heap History (20 events):
Event: 2.243 GC heap before
{Heap before GC invocations=7 (full 0):
 garbage-first heap   total 51200K, used 37989K [0x0000000083600000, 0x0000000100000000)
  region size 1024K, 24 young (24576K), 2 survivors (2048K)
 Metaspace       used 24244K, capacity 25179K, committed 25264K, reserved 1071104K
  class space    used 3431K, capacity 3808K, committed 3840K, reserved 1048576K
}
Event: 2.245 GC heap after
{Heap after GC invocations=8 (full 0):
 garbage-first heap   total 51200K, used 16307K [0x0000000083600000, 0x0000000100000000)
  region size 1024K, 3 young (3072K), 3 survivors (3072K)
 Metaspace       used 24244K, capacity 25179K, committed 25264K, reserved 1071104K
  class space    used 3431K, capacity 3808K, committed 3840K, reserved 1048576K
}
Event: 2.527 GC heap before
{Heap before GC invocations=8 (full 0):
 garbage-first heap   total 51200K, used 38835K [0x0000000083600000, 0x0000000100000000)
  region size 1024K, 25 young (25600K), 3 survivors (3072K)
 Metaspace       used 25823K, capacity 26913K, committed 27056K, reserved 1073152K
  class space    used 3679K, capacity 4075K, committed 4096K, reserved 1048576K
}
Event: 2.531 GC heap after
{Heap after GC invocations=9 (full 0):
 garbage-first heap   total 51200K, used 18034K [0x0000000083600000, 0x0000000100000000)
  region size 1024K, 3 young (3072K), 3 survivors (3072K)
 Metaspace       used 25823K, capacity 26913K, committed 27056K, reserved 1073152K
  class space    used 3679K, capacity 4075K, committed 4096K, reserved 1048576K
}
Event: 2.738 GC heap before
{Heap before GC invocations=9 (full 0):
 garbage-first heap   total 51200K, used 39538K [0x0000000083600000, 0x0000000100000000)
  region size 1024K, 24 young (24576K), 3 survivors (3072K)
 Metaspace       used 27053K, capacity 28299K, committed 28336K, reserved 1073152K
  class space    used 3862K, capacity 4324K, committed 4352K, reserved 1048576K
}
Event: 2.742 GC heap after
{Heap after GC invocations=10 (full 0):
 garbage-first heap   total 51200K, used 19431K [0x0000000083600000, 0x0000000100000000)
  region size 1024K, 2 young (2048K), 2 survivors (2048K)
 Metaspace       used 27053K, capacity 28299K, committed 28336K, reserved 1073152K
  class space    used 3862K, capacity 4324K, committed 4352K, reserved 1048576K
}
Event: 2.799 GC heap before
{Heap before GC invocations=10 (full 0):
 garbage-first heap   total 51200K, used 38887K [0x0000000083600000, 0x0000000100000000)
  region size 1024K, 22 young (22528K), 2 survivors (2048K)
 Metaspace       used 28180K, capacity 29367K, committed 29488K, reserved 1075200K
  class space    used 3968K, capacity 4424K, committed 4480K, reserved 1048576K
}
Event: 2.802 GC heap after
{Heap after GC invocations=11 (full 0):
 garbage-first heap   total 61440K, used 19840K [0x0000000083600000, 0x0000000100000000)
  region size 1024K, 2 young (2048K), 2 survivors (2048K)
 Metaspace       used 28180K, capacity 29367K, committed 29488K, reserved 1075200K
  class space    used 3968K, capacity 4424K, committed 4480K, reserved 1048576K
}
Event: 2.816 GC heap before
{Heap before GC invocations=11 (full 0):
 garbage-first heap   total 61440K, used 47488K [0x0000000083600000, 0x0000000100000000)
  region size 1024K, 30 young (30720K), 2 survivors (2048K)
 Metaspace       used 28180K, capacity 29367K, committed 29488K, reserved 1075200K
  class space    used 3968K, capacity 4424K, committed 4480K, reserved 1048576K
}
Event: 2.818 GC heap after
{Heap after GC invocations=12 (full 0):
 garbage-first heap   total 61440K, used 19901K [0x0000000083600000, 0x0000000100000000)
  region size 1024K, 3 young (3072K), 3 survivors (3072K)
 Metaspace       used 28180K, capacity 29367K, committed 29488K, reserved 1075200K
  class space    used 3968K, capacity 4424K, committed 4480K, reserved 1048576K
}
Event: 2.859 GC heap before
{Heap before GC invocations=12 (full 0):
 garbage-first heap   total 61440K, used 48573K [0x0000000083600000, 0x0000000100000000)
  region size 1024K, 32 young (32768K), 3 survivors (3072K)
 Metaspace       used 28600K, capacity 29802K, committed 30000K, reserved 1075200K
  class space    used 4006K, capacity 4462K, committed 4480K, reserved 1048576K
}
Event: 2.862 GC heap after
{Heap after GC invocations=13 (full 0):
 garbage-first heap   total 61440K, used 20154K [0x0000000083600000, 0x0000000100000000)
  region size 1024K, 3 young (3072K), 3 survivors (3072K)
 Metaspace       used 28600K, capacity 29802K, committed 30000K, reserved 1075200K
  class space    used 4006K, capacity 4462K, committed 4480K, reserved 1048576K
}
Event: 2.989 GC heap before
{Heap before GC invocations=13 (full 0):
 garbage-first heap   total 61440K, used 48826K [0x0000000083600000, 0x0000000100000000)
  region size 1024K, 32 young (32768K), 3 survivors (3072K)
 Metaspace       used 29320K, capacity 30580K, committed 30640K, reserved 1075200K
  class space    used 4107K, capacity 4593K, committed 4608K, reserved 1048576K
}
Event: 2.992 GC heap after
{Heap after GC invocations=14 (full 0):
 garbage-first heap   total 61440K, used 20640K [0x0000000083600000, 0x0000000100000000)
  region size 1024K, 2 young (2048K), 2 survivors (2048K)
 Metaspace       used 29320K, capacity 30580K, committed 30640K, reserved 1075200K
  class space    used 4107K, capacity 4593K, committed 4608K, reserved 1048576K
}
Event: 3.261 GC heap before
{Heap before GC invocations=14 (full 0):
 garbage-first heap   total 61440K, used 50336K [0x0000000083600000, 0x0000000100000000)
  region size 1024K, 31 young (31744K), 2 survivors (2048K)
 Metaspace       used 33098K, capacity 34409K, committed 34736K, reserved 1079296K
  class space    used 4541K, capacity 5042K, committed 5120K, reserved 1048576K
}
Event: 3.265 GC heap after
{Heap after GC invocations=15 (full 0):
 garbage-first heap   total 61440K, used 24058K [0x0000000083600000, 0x0000000100000000)
  region size 1024K, 4 young (4096K), 4 survivors (4096K)
 Metaspace       used 33098K, capacity 34409K, committed 34736K, reserved 1079296K
  class space    used 4541K, capacity 5042K, committed 5120K, reserved 1048576K
}
Event: 3.293 GC heap before
{Heap before GC invocations=15 (full 0):
 garbage-first heap   total 61440K, used 27130K [0x0000000083600000, 0x0000000100000000)
  region size 1024K, 8 young (8192K), 4 survivors (4096K)
 Metaspace       used 34484K, capacity 35842K, committed 35888K, reserved 1079296K
  class space    used 4719K, capacity 5222K, committed 5248K, reserved 1048576K
}
Event: 3.297 GC heap after
{Heap after GC invocations=16 (full 0):
 garbage-first heap   total 73728K, used 24697K [0x0000000083600000, 0x0000000100000000)
  region size 1024K, 1 young (1024K), 1 survivors (1024K)
 Metaspace       used 34484K, capacity 35842K, committed 35888K, reserved 1079296K
  class space    used 4719K, capacity 5222K, committed 5248K, reserved 1048576K
}
Event: 3.570 GC heap before
{Heap before GC invocations=17 (full 0):
 garbage-first heap   total 73728K, used 58489K [0x0000000083600000, 0x0000000100000000)
  region size 1024K, 34 young (34816K), 1 survivors (1024K)
 Metaspace       used 37002K, capacity 38411K, committed 38556K, reserved 1083392K
  class space    used 5050K, capacity 5543K, committed 5632K, reserved 1048576K
}
Event: 3.572 GC heap after
{Heap after GC invocations=18 (full 0):
 garbage-first heap   total 73728K, used 26504K [0x0000000083600000, 0x0000000100000000)
  region size 1024K, 3 young (3072K), 3 survivors (3072K)
 Metaspace       used 37002K, capacity 38411K, committed 38556K, reserved 1083392K
  class space    used 5050K, capacity 5543K, committed 5632K, reserved 1048576K
}

